[1203/170940.001:ERROR:process_memory_win.cc(73)] ReadMemory at 0x7ff6d7790000 of 64 bytes failed: Only part of a ReadProcessMemory or WriteProcessMemory request was completed. (0x12B)
[1203/170940.029:WARNING:pe_image_reader.cc(340)] could not read dos header from C:\Program Files\Google\Chrome\Application\chrome.exe
[1203/170940.033:ERROR:process_memory_win.cc(73)] ReadMemory at 0x7ffbe5820000 of 64 bytes failed: Only part of a ReadProcessMemory or WriteProcessMemory request was completed. (0x12B)
[1203/170940.033:WARNING:pe_image_reader.cc(340)] could not read dos header from C:\WINDOWS\SYSTEM32\ntdll.dll
[1203/170940.033:ERROR:process_memory_win.cc(73)] ReadMemory at 0x7ffbe55d0000 of 64 bytes failed: Only part of a ReadProcessMemory or WriteProcessMemory request was completed. (0x12B)
[1203/170940.033:WARNING:pe_image_reader.cc(340)] could not read dos header from C:\WINDOWS\System32\KERNEL32.DLL
[1203/170940.033:ERROR:process_memory_win.cc(73)] ReadMemory at 0x7ffbe2ef0000 of 64 bytes failed: Only part of a ReadProcessMemory or WriteProcessMemory request was completed. (0x12B)
[1203/170940.033:WARNING:pe_image_reader.cc(340)] could not read dos header from C:\WINDOWS\System32\KERNELBASE.dll
[1203/170940.033:ERROR:process_memory_win.cc(73)] ReadMemory at 0x7ffbb9da0000 of 64 bytes failed: Only part of a ReadProcessMemory or WriteProcessMemory request was completed. (0x12B)
[1203/170940.033:WARNING:pe_image_reader.cc(340)] could not read dos header from C:\Program Files\Google\Chrome\Application\86.0.4240.198\chrome_elf.dll
[1203/170940.033:ERROR:process_memory_win.cc(73)] ReadMemory at 0x7ffbdcc30000 of 64 bytes failed: Only part of a ReadProcessMemory or WriteProcessMemory request was completed. (0x12B)
[1203/170940.033:WARNING:pe_image_reader.cc(340)] could not read dos header from C:\WINDOWS\SYSTEM32\VERSION.dll
[1203/170940.033:ERROR:process_memory_win.cc(73)] ReadMemory at 0x7ffbe4de0000 of 64 bytes failed: Only part of a ReadProcessMemory or WriteProcessMemory request was completed. (0x12B)
[1203/170940.033:WARNING:pe_image_reader.cc(340)] could not read dos header from C:\WINDOWS\System32\msvcrt.dll
[1203/170940.033:ERROR:process_memory_win.cc(73)] ReadMemory at 0x7ffbe2d90000 of 64 bytes failed: Only part of a ReadProcessMemory or WriteProcessMemory request was completed. (0x12B)
[1203/170940.033:WARNING:pe_image_reader.cc(340)] could not read dos header from C:\WINDOWS\System32\bcryptPrimitives.dll
[1203/170940.033:ERROR:process_memory_win.cc(73)] ReadMemory at 0x7ffbe3d20000 of 64 bytes failed: Only part of a ReadProcessMemory or WriteProcessMemory request was completed. (0x12B)
[1203/170940.033:WARNING:pe_image_reader.cc(340)] could not read dos header from C:\WINDOWS\System32\ADVAPI32.dll
[1203/170940.033:ERROR:process_memory_win.cc(73)] ReadMemory at 0x7ffbe4040000 of 64 bytes failed: Only part of a ReadProcessMemory or WriteProcessMemory request was completed. (0x12B)
[1203/170940.033:WARNING:pe_image_reader.cc(340)] could not read dos header from C:\WINDOWS\System32\sechost.dll
[1203/170940.033:ERROR:process_memory_win.cc(73)] ReadMemory at 0x7ffbe4ba0000 of 64 bytes failed: Only part of a ReadProcessMemory or WriteProcessMemory request was completed. (0x12B)
[1203/170940.033:WARNING:pe_image_reader.cc(340)] could not read dos header from C:\WINDOWS\System32\RPCRT4.dll
[1203/170940.033:ERROR:process_memory_win.cc(73)] ReadMemory at 0x7ffb96cf0000 of 64 bytes failed: Only part of a ReadProcessMemory or WriteProcessMemory request was completed. (0x12B)
[1203/170940.033:WARNING:pe_image_reader.cc(340)] could not read dos header from C:\Program Files\Google\Chrome\Application\86.0.4240.198\chrome.dll
[1203/170940.033:ERROR:process_memory_win.cc(73)] ReadMemory at 0x7ffbe3cb0000 of 64 bytes failed: Only part of a ReadProcessMemory or WriteProcessMemory request was completed. (0x12B)
[1203/170940.033:WARNING:pe_image_reader.cc(340)] could not read dos header from C:\WINDOWS\System32\WS2_32.dll
[1203/170940.033:ERROR:process_memory_win.cc(73)] ReadMemory at 0x7ffbe3dd0000 of 64 bytes failed: Only part of a ReadProcessMemory or WriteProcessMemory request was completed. (0x12B)
[1203/170940.033:WARNING:pe_image_reader.cc(340)] could not read dos header from C:\WINDOWS\System32\OLEAUT32.dll
[1203/170940.033:ERROR:process_memory_win.cc(73)] ReadMemory at 0x7ffbe2b00000 of 64 bytes failed: Only part of a ReadProcessMemory or WriteProcessMemory request was completed. (0x12B)
[1203/170940.033:WARNING:pe_image_reader.cc(340)] could not read dos header from C:\WINDOWS\System32\msvcp_win.dll
[1203/170940.033:ERROR:process_memory_win.cc(73)] ReadMemory at 0x7ffbe2860000 of 64 bytes failed: Only part of a ReadProcessMemory or WriteProcessMemory request was completed. (0x12B)
[1203/170940.033:WARNING:pe_image_reader.cc(340)] could not read dos header from C:\WINDOWS\System32\ucrtbase.dll
[1203/170940.033:ERROR:process_memory_win.cc(73)] ReadMemory at 0x7ffbe3970000 of 64 bytes failed: Only part of a ReadProcessMemory or WriteProcessMemory request was completed. (0x12B)
[1203/170940.033:WARNING:pe_image_reader.cc(340)] could not read dos header from C:\WINDOWS\System32\combase.dll
[1203/170940.033:ERROR:process_memory_win.cc(73)] ReadMemory at 0x7ffbe2800000 of 64 bytes failed: Only part of a ReadProcessMemory or WriteProcessMemory request was completed. (0x12B)
[1203/170940.033:WARNING:pe_image_reader.cc(340)] could not read dos header from C:\WINDOWS\System32\WINTRUST.dll
[1203/170940.033:ERROR:process_memory_win.cc(73)] ReadMemory at 0x7ffbe2760000 of 64 bytes failed: Only part of a ReadProcessMemory or WriteProcessMemory request was completed. (0x12B)
[1203/170940.033:WARNING:pe_image_reader.cc(340)] could not read dos header from C:\WINDOWS\System32\MSASN1.dll
[1203/170940.033:ERROR:process_memory_win.cc(73)] ReadMemory at 0x7ffbe2bf0000 of 64 bytes failed: Only part of a ReadProcessMemory or WriteProcessMemory request was completed. (0x12B)
[1203/170940.033:WARNING:pe_image_reader.cc(340)] could not read dos header from C:\WINDOWS\System32\CRYPT32.dll
[1203/170940.033:ERROR:process_memory_win.cc(73)] ReadMemory at 0x7ffbd9ae0000 of 64 bytes failed: Only part of a ReadProcessMemory or WriteProcessMemory request was completed. (0x12B)
[1203/170940.033:WARNING:pe_image_reader.cc(340)] could not read dos header from C:\WINDOWS\SYSTEM32\dbghelp.dll
[1203/170940.033:ERROR:process_memory_win.cc(73)] ReadMemory at 0x7ffbe1c90000 of 64 bytes failed: Only part of a ReadProcessMemory or WriteProcessMemory request was completed. (0x12B)
[1203/170940.033:WARNING:pe_image_reader.cc(340)] could not read dos header from C:\WINDOWS\SYSTEM32\IPHLPAPI.DLL
[1203/170940.033:ERROR:process_memory_win.cc(73)] ReadMemory at 0x7ffbdaa30000 of 64 bytes failed: Only part of a ReadProcessMemory or WriteProcessMemory request was completed. (0x12B)
[1203/170940.033:WARNING:pe_image_reader.cc(340)] could not read dos header from C:\WINDOWS\SYSTEM32\WINMM.dll
[1203/170940.033:ERROR:process_memory_win.cc(73)] ReadMemory at 0x7ffbcaf60000 of 64 bytes failed: Only part of a ReadProcessMemory or WriteProcessMemory request was completed. (0x12B)
[1203/170940.033:WARNING:pe_image_reader.cc(340)] could not read dos header from C:\WINDOWS\SYSTEM32\UIAutomationCore.DLL
[1203/170940.033:ERROR:process_memory_win.cc(73)] ReadMemory at 0x7ffbd0b30000 of 64 bytes failed: Only part of a ReadProcessMemory or WriteProcessMemory request was completed. (0x12B)
[1203/170940.033:WARNING:pe_image_reader.cc(340)] could not read dos header from C:\WINDOWS\SYSTEM32\Secur32.dll
[1203/170940.037:ERROR:process_memory_win.cc(73)] ReadMemory at 0x7ffbe2650000 of 64 bytes failed: Only part of a ReadProcessMemory or WriteProcessMemory request was completed. (0x12B)
[1203/170940.037:WARNING:pe_image_reader.cc(340)] could not read dos header from C:\WINDOWS\SYSTEM32\USERENV.dll
[1203/170940.037:ERROR:process_memory_win.cc(73)] ReadMemory at 0x7ffbe27d0000 of 64 bytes failed: Only part of a ReadProcessMemory or WriteProcessMemory request was completed. (0x12B)
[1203/170940.037:WARNING:pe_image_reader.cc(340)] could not read dos header from C:\WINDOWS\System32\profapi.dll
[1203/170940.037:ERROR:process_memory_win.cc(73)] ReadMemory at 0x7ffbd25c0000 of 64 bytes failed: Only part of a ReadProcessMemory or WriteProcessMemory request was completed. (0x12B)
[1203/170940.037:WARNING:pe_image_reader.cc(340)] could not read dos header from C:\WINDOWS\SYSTEM32\DWrite.dll
[1203/170940.037:ERROR:process_memory_win.cc(73)] ReadMemory at 0x7ffbd9fb0000 of 64 bytes failed: Only part of a ReadProcessMemory or WriteProcessMemory request was completed. (0x12B)
[1203/170940.037:WARNING:pe_image_reader.cc(340)] could not read dos header from C:\WINDOWS\SYSTEM32\WINSPOOL.DRV
[1203/170940.037:ERROR:process_memory_win.cc(73)] ReadMemory at 0x7ffbe2740000 of 64 bytes failed: Only part of a ReadProcessMemory or WriteProcessMemory request was completed. (0x12B)
[1203/170940.037:WARNING:pe_image_reader.cc(340)] could not read dos header from C:\WINDOWS\System32\kernel.appcore.dll
[1203/170940.037:ERROR:process_memory_win.cc(73)] ReadMemory at 0x7ffbe2ec0000 of 64 bytes failed: Only part of a ReadProcessMemory or WriteProcessMemory request was completed. (0x12B)
[1203/170940.037:WARNING:pe_image_reader.cc(340)] could not read dos header from C:\WINDOWS\System32\bcrypt.dll
[1203/170940.037:ERROR:process_memory_win.cc(73)] ReadMemory at 0x7ffbd8370000 of 64 bytes failed: Only part of a ReadProcessMemory or WriteProcessMemory request was completed. (0x12B)
[1203/170940.041:WARNING:pe_image_reader.cc(340)] could not read dos header from C:\WINDOWS\SYSTEM32\WINHTTP.dll
[1203/170940.041:ERROR:process_memory_win.cc(73)] ReadMemory at 0x7ffbdd470000 of 64 bytes failed: Only part of a ReadProcessMemory or WriteProcessMemory request was completed. (0x12B)
[1203/170940.041:WARNING:pe_image_reader.cc(340)] could not read dos header from C:\WINDOWS\SYSTEM32\dhcpcsvc.DLL
[1203/170940.041:ERROR:process_memory_win.cc(73)] ReadMemory at 0x7ffbe57d0000 of 64 bytes failed: Only part of a ReadProcessMemory or WriteProcessMemory request was completed. (0x12B)
[1203/170940.041:WARNING:pe_image_reader.cc(340)] could not read dos header from C:\WINDOWS\System32\NSI.dll
[1203/170940.041:ERROR:process_memory_win.cc(73)] ReadMemory at 0x7ffbda7e0000 of 64 bytes failed: Only part of a ReadProcessMemory or WriteProcessMemory request was completed. (0x12B)
[1203/170940.041:WARNING:pe_image_reader.cc(340)] could not read dos header from C:\WINDOWS\SYSTEM32\WINMMBASE.dll
[1203/170940.041:ERROR:process_memory_win.cc(73)] ReadMemory at 0x7ffbe2d40000 of 64 bytes failed: Only part of a ReadProcessMemory or WriteProcessMemory request was completed. (0x12B)
[1203/170940.041:WARNING:pe_image_reader.cc(340)] could not read dos header from C:\WINDOWS\System32\cfgmgr32.dll
[1203/170940.041:ERROR:process_memory_win.cc(73)] ReadMemory at 0x7ffbdf260000 of 64 bytes failed: Only part of a ReadProcessMemory or WriteProcessMemory request was completed. (0x12B)
[1203/170940.041:WARNING:pe_image_reader.cc(340)] could not read dos header from C:\WINDOWS\SYSTEM32\PROPSYS.dll
[1203/170940.041:ERROR:process_memory_win.cc(73)] ReadMemory at 0x7ffbe4cc0000 of 64 bytes failed: Only part of a ReadProcessMemory or WriteProcessMemory request was completed. (0x12B)
[1203/170940.041:WARNING:pe_image_reader.cc(340)] could not read dos header from C:\WINDOWS\System32\shcore.dll
[1203/170940.041:ERROR:process_memory_win.cc(73)] ReadMemory at 0x7ffbe2610000 of 64 bytes failed: Only part of a ReadProcessMemory or WriteProcessMemory request was completed. (0x12B)
[1203/170940.041:WARNING:pe_image_reader.cc(340)] could not read dos header from C:\WINDOWS\SYSTEM32\SSPICLI.DLL
[1203/170940.041:ERROR:process_memory_win.cc(73)] ReadMemory at 0x7ffbe2150000 of 64 bytes failed: Only part of a ReadProcessMemory or WriteProcessMemory request was completed. (0x12B)
[1203/170940.041:WARNING:pe_image_reader.cc(340)] could not read dos header from C:\WINDOWS\SYSTEM32\CRYPTBASE.DLL
[1203/170940.432:ERROR:process_memory_win.cc(73)] ReadMemory at 0x7ff6d7790000 of 64 bytes failed: Only part of a ReadProcessMemory or WriteProcessMemory request was completed. (0x12B)
[1203/170940.432:WARNING:pe_image_reader.cc(340)] could not read dos header from C:\Program Files\Google\Chrome\Application\chrome.exe
[1203/170940.432:ERROR:process_memory_win.cc(73)] ReadMemory at 0x7ffbe5820000 of 64 bytes failed: Only part of a ReadProcessMemory or WriteProcessMemory request was completed. (0x12B)
[1203/170940.432:WARNING:pe_image_reader.cc(340)] could not read dos header from C:\WINDOWS\SYSTEM32\ntdll.dll
[1203/170940.432:ERROR:process_memory_win.cc(73)] ReadMemory at 0x7ffbe55d0000 of 64 bytes failed: Only part of a ReadProcessMemory or WriteProcessMemory request was completed. (0x12B)
[1203/170940.432:WARNING:pe_image_reader.cc(340)] could not read dos header from C:\WINDOWS\System32\KERNEL32.DLL
[1203/170940.432:ERROR:process_memory_win.cc(73)] ReadMemory at 0x7ffbe2ef0000 of 64 bytes failed: Only part of a ReadProcessMemory or WriteProcessMemory request was completed. (0x12B)
[1203/170940.432:WARNING:pe_image_reader.cc(340)] could not read dos header from C:\WINDOWS\System32\KERNELBASE.dll
[1203/170940.432:ERROR:process_memory_win.cc(73)] ReadMemory at 0x7ffbb9da0000 of 64 bytes failed: Only part of a ReadProcessMemory or WriteProcessMemory request was completed. (0x12B)
[1203/170940.432:WARNING:pe_image_reader.cc(340)] could not read dos header from C:\Program Files\Google\Chrome\Application\86.0.4240.198\chrome_elf.dll
[1203/170940.436:ERROR:process_memory_win.cc(73)] ReadMemory at 0x7ffbdcc30000 of 64 bytes failed: Only part of a ReadProcessMemory or WriteProcessMemory request was completed. (0x12B)
[1203/170940.436:WARNING:pe_image_reader.cc(340)] could not read dos header from C:\WINDOWS\SYSTEM32\VERSION.dll
[1203/170940.436:ERROR:process_memory_win.cc(73)] ReadMemory at 0x7ffbe4de0000 of 64 bytes failed: Only part of a ReadProcessMemory or WriteProcessMemory request was completed. (0x12B)
[1203/170940.436:WARNING:pe_image_reader.cc(340)] could not read dos header from C:\WINDOWS\System32\msvcrt.dll
[1203/170940.436:ERROR:process_memory_win.cc(73)] ReadMemory at 0x7ffbe2d90000 of 64 bytes failed: Only part of a ReadProcessMemory or WriteProcessMemory request was completed. (0x12B)
[1203/170940.436:WARNING:pe_image_reader.cc(340)] could not read dos header from C:\WINDOWS\System32\bcryptPrimitives.dll
[1203/170940.436:ERROR:process_memory_win.cc(73)] ReadMemory at 0x7ffbe3d20000 of 64 bytes failed: Only part of a ReadProcessMemory or WriteProcessMemory request was completed. (0x12B)
[1203/170940.436:WARNING:pe_image_reader.cc(340)] could not read dos header from C:\WINDOWS\System32\ADVAPI32.dll
[1203/170940.436:ERROR:process_memory_win.cc(73)] ReadMemory at 0x7ffbe4040000 of 64 bytes failed: Only part of a ReadProcessMemory or WriteProcessMemory request was completed. (0x12B)
[1203/170940.436:WARNING:pe_image_reader.cc(340)] could not read dos header from C:\WINDOWS\System32\sechost.dll
[1203/170940.436:ERROR:process_memory_win.cc(73)] ReadMemory at 0x7ffbe4ba0000 of 64 bytes failed: Only part of a ReadProcessMemory or WriteProcessMemory request was completed. (0x12B)
[1203/170940.436:WARNING:pe_image_reader.cc(340)] could not read dos header from C:\WINDOWS\System32\RPCRT4.dll
[1203/170940.436:ERROR:process_memory_win.cc(73)] ReadMemory at 0x7ffb96cf0000 of 64 bytes failed: Only part of a ReadProcessMemory or WriteProcessMemory request was completed. (0x12B)
[1203/170940.436:WARNING:pe_image_reader.cc(340)] could not read dos header from C:\Program Files\Google\Chrome\Application\86.0.4240.198\chrome.dll
[1203/170940.436:ERROR:process_memory_win.cc(73)] ReadMemory at 0x7ffbe3cb0000 of 64 bytes failed: Only part of a ReadProcessMemory or WriteProcessMemory request was completed. (0x12B)
[1203/170940.436:WARNING:pe_image_reader.cc(340)] could not read dos header from C:\WINDOWS\System32\WS2_32.dll
[1203/170940.436:ERROR:process_memory_win.cc(73)] ReadMemory at 0x7ffbe3dd0000 of 64 bytes failed: Only part of a ReadProcessMemory or WriteProcessMemory request was completed. (0x12B)
[1203/170940.436:WARNING:pe_image_reader.cc(340)] could not read dos header from C:\WINDOWS\System32\OLEAUT32.dll
[1203/170940.436:ERROR:process_memory_win.cc(73)] ReadMemory at 0x7ffbe2b00000 of 64 bytes failed: Only part of a ReadProcessMemory or WriteProcessMemory request was completed. (0x12B)
[1203/170940.436:WARNING:pe_image_reader.cc(340)] could not read dos header from C:\WINDOWS\System32\msvcp_win.dll
[1203/170940.436:ERROR:process_memory_win.cc(73)] ReadMemory at 0x7ffbe2860000 of 64 bytes failed: Only part of a ReadProcessMemory or WriteProcessMemory request was completed. (0x12B)
[1203/170940.436:WARNING:pe_image_reader.cc(340)] could not read dos header from C:\WINDOWS\System32\ucrtbase.dll
[1203/170940.436:ERROR:process_memory_win.cc(73)] ReadMemory at 0x7ffbe3970000 of 64 bytes failed: Only part of a ReadProcessMemory or WriteProcessMemory request was completed. (0x12B)
[1203/170940.436:WARNING:pe_image_reader.cc(340)] could not read dos header from C:\WINDOWS\System32\combase.dll
[1203/170940.436:ERROR:process_memory_win.cc(73)] ReadMemory at 0x7ffbe2800000 of 64 bytes failed: Only part of a ReadProcessMemory or WriteProcessMemory request was completed. (0x12B)
[1203/170940.436:WARNING:pe_image_reader.cc(340)] could not read dos header from C:\WINDOWS\System32\WINTRUST.dll
[1203/170940.436:ERROR:process_memory_win.cc(73)] ReadMemory at 0x7ffbe2760000 of 64 bytes failed: Only part of a ReadProcessMemory or WriteProcessMemory request was completed. (0x12B)
[1203/170940.436:WARNING:pe_image_reader.cc(340)] could not read dos header from C:\WINDOWS\System32\MSASN1.dll
[1203/170940.436:ERROR:process_memory_win.cc(73)] ReadMemory at 0x7ffbe2bf0000 of 64 bytes failed: Only part of a ReadProcessMemory or WriteProcessMemory request was completed. (0x12B)
[1203/170940.436:WARNING:pe_image_reader.cc(340)] could not read dos header from C:\WINDOWS\System32\CRYPT32.dll
[1203/170940.436:ERROR:process_memory_win.cc(73)] ReadMemory at 0x7ffbd9ae0000 of 64 bytes failed: Only part of a ReadProcessMemory or WriteProcessMemory request was completed. (0x12B)
[1203/170940.436:WARNING:pe_image_reader.cc(340)] could not read dos header from C:\WINDOWS\SYSTEM32\dbghelp.dll
[1203/170940.436:ERROR:process_memory_win.cc(73)] ReadMemory at 0x7ffbe1c90000 of 64 bytes failed: Only part of a ReadProcessMemory or WriteProcessMemory request was completed. (0x12B)
[1203/170940.436:WARNING:pe_image_reader.cc(340)] could not read dos header from C:\WINDOWS\SYSTEM32\IPHLPAPI.DLL
[1203/170940.436:ERROR:process_memory_win.cc(73)] ReadMemory at 0x7ffbdaa30000 of 64 bytes failed: Only part of a ReadProcessMemory or WriteProcessMemory request was completed. (0x12B)
[1203/170940.436:WARNING:pe_image_reader.cc(340)] could not read dos header from C:\WINDOWS\SYSTEM32\WINMM.dll
[1203/170940.436:ERROR:process_memory_win.cc(73)] ReadMemory at 0x7ffbcaf60000 of 64 bytes failed: Only part of a ReadProcessMemory or WriteProcessMemory request was completed. (0x12B)
[1203/170940.436:WARNING:pe_image_reader.cc(340)] could not read dos header from C:\WINDOWS\SYSTEM32\UIAutomationCore.DLL
[1203/170940.436:ERROR:process_memory_win.cc(73)] ReadMemory at 0x7ffbd0b30000 of 64 bytes failed: Only part of a ReadProcessMemory or WriteProcessMemory request was completed. (0x12B)
[1203/170940.436:WARNING:pe_image_reader.cc(340)] could not read dos header from C:\WINDOWS\SYSTEM32\Secur32.dll
[1203/170940.436:ERROR:process_memory_win.cc(73)] ReadMemory at 0x7ffbe2650000 of 64 bytes failed: Only part of a ReadProcessMemory or WriteProcessMemory request was completed. (0x12B)
[1203/170940.436:WARNING:pe_image_reader.cc(340)] could not read dos header from C:\WINDOWS\SYSTEM32\USERENV.dll
[1203/170940.436:ERROR:process_memory_win.cc(73)] ReadMemory at 0x7ffbe27d0000 of 64 bytes failed: Only part of a ReadProcessMemory or WriteProcessMemory request was completed. (0x12B)
[1203/170940.436:WARNING:pe_image_reader.cc(340)] could not read dos header from C:\WINDOWS\System32\profapi.dll
[1203/170940.436:ERROR:process_memory_win.cc(73)] ReadMemory at 0x7ffbd25c0000 of 64 bytes failed: Only part of a ReadProcessMemory or WriteProcessMemory request was completed. (0x12B)
[1203/170940.436:WARNING:pe_image_reader.cc(340)] could not read dos header from C:\WINDOWS\SYSTEM32\DWrite.dll
[1203/170940.436:ERROR:process_memory_win.cc(73)] ReadMemory at 0x7ffbd9fb0000 of 64 bytes failed: Only part of a ReadProcessMemory or WriteProcessMemory request was completed. (0x12B)
[1203/170940.436:WARNING:pe_image_reader.cc(340)] could not read dos header from C:\WINDOWS\SYSTEM32\WINSPOOL.DRV
[1203/170940.436:ERROR:process_memory_win.cc(73)] ReadMemory at 0x7ffbe2740000 of 64 bytes failed: Only part of a ReadProcessMemory or WriteProcessMemory request was completed. (0x12B)
[1203/170940.436:WARNING:pe_image_reader.cc(340)] could not read dos header from C:\WINDOWS\System32\kernel.appcore.dll
[1203/170940.436:ERROR:process_memory_win.cc(73)] ReadMemory at 0x7ffbe2ec0000 of 64 bytes failed: Only part of a ReadProcessMemory or WriteProcessMemory request was completed. (0x12B)
[1203/170940.436:WARNING:pe_image_reader.cc(340)] could not read dos header from C:\WINDOWS\System32\bcrypt.dll
[1203/170940.436:ERROR:process_memory_win.cc(73)] ReadMemory at 0x7ffbd8370000 of 64 bytes failed: Only part of a ReadProcessMemory or WriteProcessMemory request was completed. (0x12B)
[1203/170940.436:WARNING:pe_image_reader.cc(340)] could not read dos header from C:\WINDOWS\SYSTEM32\WINHTTP.dll
[1203/170940.436:ERROR:process_memory_win.cc(73)] ReadMemory at 0x7ffbdd470000 of 64 bytes failed: Only part of a ReadProcessMemory or WriteProcessMemory request was completed. (0x12B)
[1203/170940.436:WARNING:pe_image_reader.cc(340)] could not read dos header from C:\WINDOWS\SYSTEM32\dhcpcsvc.DLL
[1203/170940.436:ERROR:process_memory_win.cc(73)] ReadMemory at 0x7ffbe57d0000 of 64 bytes failed: Only part of a ReadProcessMemory or WriteProcessMemory request was completed. (0x12B)
[1203/170940.436:WARNING:pe_image_reader.cc(340)] could not read dos header from C:\WINDOWS\System32\NSI.dll
[1203/170940.440:ERROR:process_memory_win.cc(73)] ReadMemory at 0x7ffbda7e0000 of 64 bytes failed: Only part of a ReadProcessMemory or WriteProcessMemory request was completed. (0x12B)
[1203/170940.440:WARNING:pe_image_reader.cc(340)] could not read dos header from C:\WINDOWS\SYSTEM32\WINMMBASE.dll
[1203/170940.440:ERROR:process_memory_win.cc(73)] ReadMemory at 0x7ffbe2d40000 of 64 bytes failed: Only part of a ReadProcessMemory or WriteProcessMemory request was completed. (0x12B)
[1203/170940.440:WARNING:pe_image_reader.cc(340)] could not read dos header from C:\WINDOWS\System32\cfgmgr32.dll
[1203/170940.440:ERROR:process_memory_win.cc(73)] ReadMemory at 0x7ffbdf260000 of 64 bytes failed: Only part of a ReadProcessMemory or WriteProcessMemory request was completed. (0x12B)
[1203/170940.440:WARNING:pe_image_reader.cc(340)] could not read dos header from C:\WINDOWS\SYSTEM32\PROPSYS.dll
[1203/170940.440:ERROR:process_memory_win.cc(73)] ReadMemory at 0x7ffbe4cc0000 of 64 bytes failed: Only part of a ReadProcessMemory or WriteProcessMemory request was completed. (0x12B)
[1203/170940.440:WARNING:pe_image_reader.cc(340)] could not read dos header from C:\WINDOWS\System32\shcore.dll
[1203/170940.440:ERROR:process_memory_win.cc(73)] ReadMemory at 0x7ffbe2610000 of 64 bytes failed: Only part of a ReadProcessMemory or WriteProcessMemory request was completed. (0x12B)
[1203/170940.440:WARNING:pe_image_reader.cc(340)] could not read dos header from C:\WINDOWS\SYSTEM32\SSPICLI.DLL
[1203/170940.440:ERROR:process_memory_win.cc(73)] ReadMemory at 0x7ffbe2150000 of 64 bytes failed: Only part of a ReadProcessMemory or WriteProcessMemory request was completed. (0x12B)
[1203/170940.440:WARNING:pe_image_reader.cc(340)] could not read dos header from C:\WINDOWS\SYSTEM32\CRYPTBASE.DLL
[1203/170940.440:ERROR:process_memory_win.cc(73)] ReadMemory at 0x7ff6d7790000 of 64 bytes failed: Only part of a ReadProcessMemory or WriteProcessMemory request was completed. (0x12B)
[1203/170940.440:WARNING:pe_image_reader.cc(340)] could not read dos header from C:\Program Files\Google\Chrome\Application\chrome.exe
[1203/170940.440:ERROR:process_memory_win.cc(73)] ReadMemory at 0x7ffbe5820000 of 64 bytes failed: Only part of a ReadProcessMemory or WriteProcessMemory request was completed. (0x12B)
[1203/170940.440:WARNING:pe_image_reader.cc(340)] could not read dos header from C:\WINDOWS\SYSTEM32\ntdll.dll
[1203/170940.440:ERROR:process_memory_win.cc(73)] ReadMemory at 0x7ffbe55d0000 of 64 bytes failed: Only part of a ReadProcessMemory or WriteProcessMemory request was completed. (0x12B)
[1203/170940.440:WARNING:pe_image_reader.cc(340)] could not read dos header from C:\WINDOWS\System32\KERNEL32.DLL
[1203/170940.440:ERROR:process_memory_win.cc(73)] ReadMemory at 0x7ffbe2ef0000 of 64 bytes failed: Only part of a ReadProcessMemory or WriteProcessMemory request was completed. (0x12B)
[1203/170940.440:WARNING:pe_image_reader.cc(340)] could not read dos header from C:\WINDOWS\System32\KERNELBASE.dll
[1203/170940.440:ERROR:process_memory_win.cc(73)] ReadMemory at 0x7ffbb9da0000 of 64 bytes failed: Only part of a ReadProcessMemory or WriteProcessMemory request was completed. (0x12B)
[1203/170940.440:WARNING:pe_image_reader.cc(340)] could not read dos header from C:\Program Files\Google\Chrome\Application\86.0.4240.198\chrome_elf.dll
[1203/170940.440:ERROR:process_memory_win.cc(73)] ReadMemory at 0x7ffbdcc30000 of 64 bytes failed: Only part of a ReadProcessMemory or WriteProcessMemory request was completed. (0x12B)
[1203/170940.440:WARNING:pe_image_reader.cc(340)] could not read dos header from C:\WINDOWS\SYSTEM32\VERSION.dll
[1203/170940.440:ERROR:process_memory_win.cc(73)] ReadMemory at 0x7ffbe4de0000 of 64 bytes failed: Only part of a ReadProcessMemory or WriteProcessMemory request was completed. (0x12B)
[1203/170940.440:WARNING:pe_image_reader.cc(340)] could not read dos header from C:\WINDOWS\System32\msvcrt.dll
[1203/170940.440:ERROR:process_memory_win.cc(73)] ReadMemory at 0x7ffbe2d90000 of 64 bytes failed: Only part of a ReadProcessMemory or WriteProcessMemory request was completed. (0x12B)
[1203/170940.440:WARNING:pe_image_reader.cc(340)] could not read dos header from C:\WINDOWS\System32\bcryptPrimitives.dll
[1203/170940.440:ERROR:process_memory_win.cc(73)] ReadMemory at 0x7ffbe3d20000 of 64 bytes failed: Only part of a ReadProcessMemory or WriteProcessMemory request was completed. (0x12B)
[1203/170940.440:WARNING:pe_image_reader.cc(340)] could not read dos header from C:\WINDOWS\System32\ADVAPI32.dll
[1203/170940.440:ERROR:process_memory_win.cc(73)] ReadMemory at 0x7ffbe4040000 of 64 bytes failed: Only part of a ReadProcessMemory or WriteProcessMemory request was completed. (0x12B)
[1203/170940.440:WARNING:pe_image_reader.cc(340)] could not read dos header from C:\WINDOWS\System32\sechost.dll
[1203/170940.440:ERROR:process_memory_win.cc(73)] ReadMemory at 0x7ffbe4ba0000 of 64 bytes failed: Only part of a ReadProcessMemory or WriteProcessMemory request was completed. (0x12B)
[1203/170940.440:WARNING:pe_image_reader.cc(340)] could not read dos header from C:\WINDOWS\System32\RPCRT4.dll
[1203/170940.440:ERROR:process_memory_win.cc(73)] ReadMemory at 0x7ffb96cf0000 of 64 bytes failed: Only part of a ReadProcessMemory or WriteProcessMemory request was completed. (0x12B)
[1203/170940.440:WARNING:pe_image_reader.cc(340)] could not read dos header from C:\Program Files\Google\Chrome\Application\86.0.4240.198\chrome.dll
[1203/170940.440:ERROR:process_memory_win.cc(73)] ReadMemory at 0x7ffbe3cb0000 of 64 bytes failed: Only part of a ReadProcessMemory or WriteProcessMemory request was completed. (0x12B)
[1203/170940.440:WARNING:pe_image_reader.cc(340)] could not read dos header from C:\WINDOWS\System32\WS2_32.dll
[1203/170940.440:ERROR:process_memory_win.cc(73)] ReadMemory at 0x7ffbe3dd0000 of 64 bytes failed: Only part of a ReadProcessMemory or WriteProcessMemory request was completed. (0x12B)
[1203/170940.440:WARNING:pe_image_reader.cc(340)] could not read dos header from C:\WINDOWS\System32\OLEAUT32.dll
[1203/170940.440:ERROR:process_memory_win.cc(73)] ReadMemory at 0x7ffbe2b00000 of 64 bytes failed: Only part of a ReadProcessMemory or WriteProcessMemory request was completed. (0x12B)
[1203/170940.440:WARNING:pe_image_reader.cc(340)] could not read dos header from C:\WINDOWS\System32\msvcp_win.dll
[1203/170940.440:ERROR:process_memory_win.cc(73)] ReadMemory at 0x7ffbe2860000 of 64 bytes failed: Only part of a ReadProcessMemory or WriteProcessMemory request was completed. (0x12B)
[1203/170940.440:WARNING:pe_image_reader.cc(340)] could not read dos header from C:\WINDOWS\System32\ucrtbase.dll
[1203/170940.440:ERROR:process_memory_win.cc(73)] ReadMemory at 0x7ffbe3970000 of 64 bytes failed: Only part of a ReadProcessMemory or WriteProcessMemory request was completed. (0x12B)
[1203/170940.440:WARNING:pe_image_reader.cc(340)] could not read dos header from C:\WINDOWS\System32\combase.dll
[1203/170940.440:ERROR:process_memory_win.cc(73)] ReadMemory at 0x7ffbe2800000 of 64 bytes failed: Only part of a ReadProcessMemory or WriteProcessMemory request was completed. (0x12B)
[1203/170940.440:WARNING:pe_image_reader.cc(340)] could not read dos header from C:\WINDOWS\System32\WINTRUST.dll
[1203/170940.440:ERROR:process_memory_win.cc(73)] ReadMemory at 0x7ffbe2760000 of 64 bytes failed: Only part of a ReadProcessMemory or WriteProcessMemory request was completed. (0x12B)
[1203/170940.440:WARNING:pe_image_reader.cc(340)] could not read dos header from C:\WINDOWS\System32\MSASN1.dll
[1203/170940.440:ERROR:process_memory_win.cc(73)] ReadMemory at 0x7ffbe2bf0000 of 64 bytes failed: Only part of a ReadProcessMemory or WriteProcessMemory request was completed. (0x12B)
[1203/170940.440:WARNING:pe_image_reader.cc(340)] could not read dos header from C:\WINDOWS\System32\CRYPT32.dll
[1203/170940.440:ERROR:process_memory_win.cc(73)] ReadMemory at 0x7ffbd9ae0000 of 64 bytes failed: Only part of a ReadProcessMemory or WriteProcessMemory request was completed. (0x12B)
[1203/170940.440:WARNING:pe_image_reader.cc(340)] could not read dos header from C:\WINDOWS\SYSTEM32\dbghelp.dll
[1203/170940.440:ERROR:process_memory_win.cc(73)] ReadMemory at 0x7ffbe1c90000 of 64 bytes failed: Only part of a ReadProcessMemory or WriteProcessMemory request was completed. (0x12B)
[1203/170940.440:WARNING:pe_image_reader.cc(340)] could not read dos header from C:\WINDOWS\SYSTEM32\IPHLPAPI.DLL
[1203/170940.440:ERROR:process_memory_win.cc(73)] ReadMemory at 0x7ffbdaa30000 of 64 bytes failed: Only part of a ReadProcessMemory or WriteProcessMemory request was completed. (0x12B)
[1203/170940.440:WARNING:pe_image_reader.cc(340)] could not read dos header from C:\WINDOWS\SYSTEM32\WINMM.dll
[1203/170940.440:ERROR:process_memory_win.cc(73)] ReadMemory at 0x7ffbcaf60000 of 64 bytes failed: Only part of a ReadProcessMemory or WriteProcessMemory request was completed. (0x12B)
[1203/170940.440:WARNING:pe_image_reader.cc(340)] could not read dos header from C:\WINDOWS\SYSTEM32\UIAutomationCore.DLL
[1203/170940.440:ERROR:process_memory_win.cc(73)] ReadMemory at 0x7ffbd0b30000 of 64 bytes failed: Only part of a ReadProcessMemory or WriteProcessMemory request was completed. (0x12B)
[1203/170940.440:WARNING:pe_image_reader.cc(340)] could not read dos header from C:\WINDOWS\SYSTEM32\Secur32.dll
[1203/170940.444:ERROR:process_memory_win.cc(73)] ReadMemory at 0x7ffbe2650000 of 64 bytes failed: Only part of a ReadProcessMemory or WriteProcessMemory request was completed. (0x12B)
[1203/170940.444:WARNING:pe_image_reader.cc(340)] could not read dos header from C:\WINDOWS\SYSTEM32\USERENV.dll
[1203/170940.444:ERROR:process_memory_win.cc(73)] ReadMemory at 0x7ffbe27d0000 of 64 bytes failed: Only part of a ReadProcessMemory or WriteProcessMemory request was completed. (0x12B)
[1203/170940.444:WARNING:pe_image_reader.cc(340)] could not read dos header from C:\WINDOWS\System32\profapi.dll
[1203/170940.444:ERROR:process_memory_win.cc(73)] ReadMemory at 0x7ffbd25c0000 of 64 bytes failed: Only part of a ReadProcessMemory or WriteProcessMemory request was completed. (0x12B)
[1203/170940.444:WARNING:pe_image_reader.cc(340)] could not read dos header from C:\WINDOWS\SYSTEM32\DWrite.dll
[1203/170940.444:ERROR:process_memory_win.cc(73)] ReadMemory at 0x7ffbd9fb0000 of 64 bytes failed: Only part of a ReadProcessMemory or WriteProcessMemory request was completed. (0x12B)
[1203/170940.444:WARNING:pe_image_reader.cc(340)] could not read dos header from C:\WINDOWS\SYSTEM32\WINSPOOL.DRV
[1203/170940.444:ERROR:process_memory_win.cc(73)] ReadMemory at 0x7ffbe2740000 of 64 bytes failed: Only part of a ReadProcessMemory or WriteProcessMemory request was completed. (0x12B)
[1203/170940.444:WARNING:pe_image_reader.cc(340)] could not read dos header from C:\WINDOWS\System32\kernel.appcore.dll
[1203/170940.444:ERROR:process_memory_win.cc(73)] ReadMemory at 0x7ffbe2ec0000 of 64 bytes failed: Only part of a ReadProcessMemory or WriteProcessMemory request was completed. (0x12B)
[1203/170940.444:WARNING:pe_image_reader.cc(340)] could not read dos header from C:\WINDOWS\System32\bcrypt.dll
[1203/170940.444:ERROR:process_memory_win.cc(73)] ReadMemory at 0x7ffbd8370000 of 64 bytes failed: Only part of a ReadProcessMemory or WriteProcessMemory request was completed. (0x12B)
[1203/170940.444:WARNING:pe_image_reader.cc(340)] could not read dos header from C:\WINDOWS\SYSTEM32\WINHTTP.dll
[1203/170940.444:ERROR:process_memory_win.cc(73)] ReadMemory at 0x7ffbdd470000 of 64 bytes failed: Only part of a ReadProcessMemory or WriteProcessMemory request was completed. (0x12B)
[1203/170940.444:WARNING:pe_image_reader.cc(340)] could not read dos header from C:\WINDOWS\SYSTEM32\dhcpcsvc.DLL
[1203/170940.444:ERROR:process_memory_win.cc(73)] ReadMemory at 0x7ffbe57d0000 of 64 bytes failed: Only part of a ReadProcessMemory or WriteProcessMemory request was completed. (0x12B)
[1203/170940.444:WARNING:pe_image_reader.cc(340)] could not read dos header from C:\WINDOWS\System32\NSI.dll
[1203/170940.444:ERROR:process_memory_win.cc(73)] ReadMemory at 0x7ffbda7e0000 of 64 bytes failed: Only part of a ReadProcessMemory or WriteProcessMemory request was completed. (0x12B)
[1203/170940.444:WARNING:pe_image_reader.cc(340)] could not read dos header from C:\WINDOWS\SYSTEM32\WINMMBASE.dll
[1203/170940.444:ERROR:process_memory_win.cc(73)] ReadMemory at 0x7ffbe2d40000 of 64 bytes failed: Only part of a ReadProcessMemory or WriteProcessMemory request was completed. (0x12B)
[1203/170940.444:WARNING:pe_image_reader.cc(340)] could not read dos header from C:\WINDOWS\System32\cfgmgr32.dll
[1203/170940.444:ERROR:process_memory_win.cc(73)] ReadMemory at 0x7ffbdf260000 of 64 bytes failed: Only part of a ReadProcessMemory or WriteProcessMemory request was completed. (0x12B)
[1203/170940.444:WARNING:pe_image_reader.cc(340)] could not read dos header from C:\WINDOWS\SYSTEM32\PROPSYS.dll
[1203/170940.444:ERROR:process_memory_win.cc(73)] ReadMemory at 0x7ffbe4cc0000 of 64 bytes failed: Only part of a ReadProcessMemory or WriteProcessMemory request was completed. (0x12B)
[1203/170940.444:WARNING:pe_image_reader.cc(340)] could not read dos header from C:\WINDOWS\System32\shcore.dll
[1203/170940.444:ERROR:process_memory_win.cc(73)] ReadMemory at 0x7ffbe2610000 of 64 bytes failed: Only part of a ReadProcessMemory or WriteProcessMemory request was completed. (0x12B)
[1203/170940.444:WARNING:pe_image_reader.cc(340)] could not read dos header from C:\WINDOWS\SYSTEM32\SSPICLI.DLL
[1203/170940.444:ERROR:process_memory_win.cc(73)] ReadMemory at 0x7ffbe2150000 of 64 bytes failed: Only part of a ReadProcessMemory or WriteProcessMemory request was completed. (0x12B)
[1203/170940.444:WARNING:pe_image_reader.cc(340)] could not read dos header from C:\WINDOWS\SYSTEM32\CRYPTBASE.DLL
[1203/170940.456:ERROR:process_memory_win.cc(73)] ReadMemory at 0xaa601f9000 of 28672 bytes failed: Only part of a ReadProcessMemory or WriteProcessMemory request was completed. (0x12B)
[1203/170940.456:ERROR:process_memory_win.cc(73)] ReadMemory at 0xaa609fe000 of 8192 bytes failed: Only part of a ReadProcessMemory or WriteProcessMemory request was completed. (0x12B)
[1203/170940.456:ERROR:process_memory_win.cc(73)] ReadMemory at 0xaa611fe000 of 8192 bytes failed: Only part of a ReadProcessMemory or WriteProcessMemory request was completed. (0x12B)
[1203/170940.456:ERROR:process_memory_win.cc(73)] ReadMemory at 0xaa619fe000 of 8192 bytes failed: Only part of a ReadProcessMemory or WriteProcessMemory request was completed. (0x12B)
[1203/170940.456:ERROR:process_memory_win.cc(73)] ReadMemory at 0xaa621fd000 of 12288 bytes failed: Only part of a ReadProcessMemory or WriteProcessMemory request was completed. (0x12B)
[1203/170940.460:ERROR:process_memory_win.cc(73)] ReadMemory at 0xaa629ff000 of 4096 bytes failed: Only part of a ReadProcessMemory or WriteProcessMemory request was completed. (0x12B)
[1203/170940.460:ERROR:process_memory_win.cc(73)] ReadMemory at 0xaa631fe000 of 8192 bytes failed: Only part of a ReadProcessMemory or WriteProcessMemory request was completed. (0x12B)
[1203/170940.460:ERROR:process_memory_win.cc(73)] ReadMemory at 0xaa641fe000 of 8192 bytes failed: Only part of a ReadProcessMemory or WriteProcessMemory request was completed. (0x12B)
[1203/170940.460:ERROR:process_memory_win.cc(73)] ReadMemory at 0xaa649fe000 of 8192 bytes failed: Only part of a ReadProcessMemory or WriteProcessMemory request was completed. (0x12B)
[1203/170940.460:ERROR:process_memory_win.cc(73)] ReadMemory at 0xaa651fe000 of 8192 bytes failed: Only part of a ReadProcessMemory or WriteProcessMemory request was completed. (0x12B)
[1203/170940.460:ERROR:process_memory_win.cc(73)] ReadMemory at 0xaa659fe000 of 8192 bytes failed: Only part of a ReadProcessMemory or WriteProcessMemory request was completed. (0x12B)
[1203/170940.460:ERROR:process_memory_win.cc(73)] ReadMemory at 0xaa661fe000 of 8192 bytes failed: Only part of a ReadProcessMemory or WriteProcessMemory request was completed. (0x12B)
[1203/170940.460:ERROR:process_memory_win.cc(73)] ReadMemory at 0xaa5f888000 of 852 bytes failed: Only part of a ReadProcessMemory or WriteProcessMemory request was completed. (0x12B)
[1203/170940.460:ERROR:process_memory_win.cc(73)] ReadMemory at 0xaa5f889000 of 6024 bytes failed: Only part of a ReadProcessMemory or WriteProcessMemory request was completed. (0x12B)
[1203/170940.460:ERROR:process_memory_win.cc(73)] ReadMemory at 0xaa5f88b000 of 6024 bytes failed: Only part of a ReadProcessMemory or WriteProcessMemory request was completed. (0x12B)
[1203/170940.460:ERROR:process_memory_win.cc(73)] ReadMemory at 0xaa5f88d000 of 6024 bytes failed: Only part of a ReadProcessMemory or WriteProcessMemory request was completed. (0x12B)
[1203/170940.460:ERROR:process_memory_win.cc(73)] ReadMemory at 0xaa5f88f000 of 6024 bytes failed: Only part of a ReadProcessMemory or WriteProcessMemory request was completed. (0x12B)
[1203/170940.460:ERROR:process_memory_win.cc(73)] ReadMemory at 0xaa5f891000 of 6024 bytes failed: Only part of a ReadProcessMemory or WriteProcessMemory request was completed. (0x12B)
[1203/170940.460:ERROR:process_memory_win.cc(73)] ReadMemory at 0xaa5f893000 of 6024 bytes failed: Only part of a ReadProcessMemory or WriteProcessMemory request was completed. (0x12B)
[1203/170940.460:ERROR:process_memory_win.cc(73)] ReadMemory at 0xaa5f895000 of 6024 bytes failed: Only part of a ReadProcessMemory or WriteProcessMemory request was completed. (0x12B)
[1203/170940.460:ERROR:process_memory_win.cc(73)] ReadMemory at 0xaa5f899000 of 6024 bytes failed: Only part of a ReadProcessMemory or WriteProcessMemory request was completed. (0x12B)
[1203/170940.460:ERROR:process_memory_win.cc(73)] ReadMemory at 0xaa5f89b000 of 6024 bytes failed: Only part of a ReadProcessMemory or WriteProcessMemory request was completed. (0x12B)
[1203/170940.460:ERROR:process_memory_win.cc(73)] ReadMemory at 0xaa5f89d000 of 6024 bytes failed: Only part of a ReadProcessMemory or WriteProcessMemory request was completed. (0x12B)
[1203/170940.460:ERROR:process_memory_win.cc(73)] ReadMemory at 0xaa5f89f000 of 6024 bytes failed: Only part of a ReadProcessMemory or WriteProcessMemory request was completed. (0x12B)
[1203/170940.464:ERROR:process_memory_win.cc(73)] ReadMemory at 0xaa5f8a1000 of 6024 bytes failed: Only part of a ReadProcessMemory or WriteProcessMemory request was completed. (0x12B)
[1203/170940.464:ERROR:process_memory_win.cc(73)] ReadMemory at 0x20cd69f0fe0 of 4682 bytes failed: Only part of a ReadProcessMemory or WriteProcessMemory request was completed. (0x12B)
[1203/170940.464:ERROR:process_memory_win.cc(73)] ReadMemory at 0x20cd69f2240 of 1012 bytes failed: Only part of a ReadProcessMemory or WriteProcessMemory request was completed. (0x12B)
[1203/170940.464:ERROR:process_memory_win.cc(73)] ReadMemory at 0x20cd69f2888 of 106 bytes failed: Only part of a ReadProcessMemory or WriteProcessMemory request was completed. (0x12B)
[1203/170940.464:ERROR:process_memory_win.cc(73)] ReadMemory at 0x20cd69f28f4 of 1394 bytes failed: Only part of a ReadProcessMemory or WriteProcessMemory request was completed. (0x12B)
[1203/170940.464:ERROR:process_memory_win.cc(73)] ReadMemory at 0x20cd69f2e68 of 106 bytes failed: Only part of a ReadProcessMemory or WriteProcessMemory request was completed. (0x12B)
[1203/170940.464:ERROR:process_memory_win.cc(73)] ReadMemory at 0x20cd69f2ed4 of 100 bytes failed: Only part of a ReadProcessMemory or WriteProcessMemory request was completed. (0x12B)
[1203/170940.464:ERROR:process_memory_win.cc(73)] ReadMemory at 0x20cd69f2f50 of 58 bytes failed: Only part of a ReadProcessMemory or WriteProcessMemory request was completed. (0x12B)
[1203/170940.531:ERROR:process_memory_win.cc(73)] ReadMemory at 0x20cd69f3050 of 132 bytes failed: Only part of a ReadProcessMemory or WriteProcessMemory request was completed. (0x12B)
[1203/170940.531:ERROR:process_memory_win.cc(73)] ReadMemory at 0x20cd69f31e0 of 132 bytes failed: Only part of a ReadProcessMemory or WriteProcessMemory request was completed. (0x12B)
[1203/170940.531:ERROR:process_memory_win.cc(73)] ReadMemory at 0x20cd69f33a0 of 114 bytes failed: Only part of a ReadProcessMemory or WriteProcessMemory request was completed. (0x12B)
[1203/170940.531:ERROR:process_memory_win.cc(73)] ReadMemory at 0x20cd69f38a0 of 132 bytes failed: Only part of a ReadProcessMemory or WriteProcessMemory request was completed. (0x12B)
[1203/170940.531:ERROR:process_memory_win.cc(73)] ReadMemory at 0x20cd69f3a30 of 64 bytes failed: Only part of a ReadProcessMemory or WriteProcessMemory request was completed. (0x12B)
[1203/170940.531:ERROR:process_memory_win.cc(73)] ReadMemory at 0x20cd69f3be0 of 132 bytes failed: Only part of a ReadProcessMemory or WriteProcessMemory request was completed. (0x12B)
[1203/170940.531:ERROR:process_memory_win.cc(73)] ReadMemory at 0x20cd69f3e90 of 132 bytes failed: Only part of a ReadProcessMemory or WriteProcessMemory request was completed. (0x12B)
[1203/170940.531:ERROR:process_memory_win.cc(73)] ReadMemory at 0x20cd69f4030 of 68 bytes failed: Only part of a ReadProcessMemory or WriteProcessMemory request was completed. (0x12B)
[1203/170940.531:ERROR:process_memory_win.cc(73)] ReadMemory at 0x20cd69f5240 of 132 bytes failed: Only part of a ReadProcessMemory or WriteProcessMemory request was completed. (0x12B)
[1203/170940.559:ERROR:process_memory_win.cc(73)] ReadMemory at 0x20cd69f5370 of 142 bytes failed: Only part of a ReadProcessMemory or WriteProcessMemory request was completed. (0x12B)
[1203/170940.559:ERROR:process_memory_win.cc(73)] ReadMemory at 0x20cd69f5a50 of 62 bytes failed: Only part of a ReadProcessMemory or WriteProcessMemory request was completed. (0x12B)
[1203/170940.559:ERROR:process_memory_win.cc(73)] ReadMemory at 0x20cd69f61e0 of 132 bytes failed: Only part of a ReadProcessMemory or WriteProcessMemory request was completed. (0x12B)
[1203/170940.559:ERROR:process_memory_win.cc(73)] ReadMemory at 0x20cd69f67a0 of 60 bytes failed: Only part of a ReadProcessMemory or WriteProcessMemory request was completed. (0x12B)
[1203/170940.559:ERROR:process_memory_win.cc(73)] ReadMemory at 0x20cd69fdfb0 of 62 bytes failed: Only part of a ReadProcessMemory or WriteProcessMemory request was completed. (0x12B)
[1203/170940.563:ERROR:process_memory_win.cc(73)] ReadMemory at 0x20cd69fe000 of 60 bytes failed: Only part of a ReadProcessMemory or WriteProcessMemory request was completed. (0x12B)
[1203/170940.563:ERROR:process_memory_win.cc(73)] ReadMemory at 0x20cd69fe0f0 of 62 bytes failed: Only part of a ReadProcessMemory or WriteProcessMemory request was completed. (0x12B)
[1203/170940.563:ERROR:process_memory_win.cc(73)] ReadMemory at 0x20cd6a012e0 of 54 bytes failed: Only part of a ReadProcessMemory or WriteProcessMemory request was completed. (0x12B)
[1203/170940.563:ERROR:process_memory_win.cc(73)] ReadMemory at 0x20cd6a01bd0 of 80 bytes failed: Only part of a ReadProcessMemory or WriteProcessMemory request was completed. (0x12B)
[1203/170940.563:ERROR:process_memory_win.cc(73)] ReadMemory at 0x20cd6a03f60 of 132 bytes failed: Only part of a ReadProcessMemory or WriteProcessMemory request was completed. (0x12B)
[1203/170940.563:ERROR:process_memory_win.cc(73)] ReadMemory at 0x20cd6a04290 of 132 bytes failed: Only part of a ReadProcessMemory or WriteProcessMemory request was completed. (0x12B)
[1203/170940.563:ERROR:process_memory_win.cc(73)] ReadMemory at 0x20cd6a053f0 of 132 bytes failed: Only part of a ReadProcessMemory or WriteProcessMemory request was completed. (0x12B)
[1203/170940.563:ERROR:process_memory_win.cc(73)] ReadMemory at 0x20cd6a05570 of 132 bytes failed: Only part of a ReadProcessMemory or WriteProcessMemory request was completed. (0x12B)
[1203/170940.563:ERROR:process_memory_win.cc(73)] ReadMemory at 0x20cd6a056a0 of 132 bytes failed: Only part of a ReadProcessMemory or WriteProcessMemory request was completed. (0x12B)
[1203/170940.563:ERROR:process_memory_win.cc(73)] ReadMemory at 0x20cd6a057d0 of 132 bytes failed: Only part of a ReadProcessMemory or WriteProcessMemory request was completed. (0x12B)
[1203/170940.563:ERROR:process_memory_win.cc(73)] ReadMemory at 0x20cd6a05900 of 132 bytes failed: Only part of a ReadProcessMemory or WriteProcessMemory request was completed. (0x12B)
[1203/170940.563:ERROR:process_memory_win.cc(73)] ReadMemory at 0x20cd6a05a30 of 132 bytes failed: Only part of a ReadProcessMemory or WriteProcessMemory request was completed. (0x12B)
[1203/170940.563:ERROR:process_memory_win.cc(73)] ReadMemory at 0x20cd6a05b60 of 132 bytes failed: Only part of a ReadProcessMemory or WriteProcessMemory request was completed. (0x12B)
[1203/170940.563:ERROR:process_memory_win.cc(73)] ReadMemory at 0x20cd6a05c90 of 132 bytes failed: Only part of a ReadProcessMemory or WriteProcessMemory request was completed. (0x12B)
[1203/170940.563:ERROR:process_memory_win.cc(73)] ReadMemory at 0x20cd6a05dc0 of 132 bytes failed: Only part of a ReadProcessMemory or WriteProcessMemory request was completed. (0x12B)
[1203/170940.563:ERROR:process_memory_win.cc(73)] ReadMemory at 0x20cd6a05ef0 of 132 bytes failed: Only part of a ReadProcessMemory or WriteProcessMemory request was completed. (0x12B)
[1203/170940.575:ERROR:process_memory_win.cc(73)] ReadMemory at 0x20cd6a06020 of 132 bytes failed: Only part of a ReadProcessMemory or WriteProcessMemory request was completed. (0x12B)
[1203/170940.575:ERROR:process_memory_win.cc(73)] ReadMemory at 0x20cd6a06150 of 132 bytes failed: Only part of a ReadProcessMemory or WriteProcessMemory request was completed. (0x12B)
[1203/170940.575:ERROR:process_memory_win.cc(73)] ReadMemory at 0x20cd6a063b0 of 132 bytes failed: Only part of a ReadProcessMemory or WriteProcessMemory request was completed. (0x12B)
[1203/170940.627:ERROR:process_memory_win.cc(73)] ReadMemory at 0x20cd6a073f0 of 60 bytes failed: Only part of a ReadProcessMemory or WriteProcessMemory request was completed. (0x12B)
[1203/170940.627:ERROR:process_memory_win.cc(73)] ReadMemory at 0x20cd6a07490 of 64 bytes failed: Only part of a ReadProcessMemory or WriteProcessMemory request was completed. (0x12B)
[1203/170940.627:ERROR:process_memory_win.cc(73)] ReadMemory at 0x20cd6a07530 of 62 bytes failed: Only part of a ReadProcessMemory or WriteProcessMemory request was completed. (0x12B)
[1203/170940.627:ERROR:process_memory_win.cc(73)] ReadMemory at 0x20cd6a075d0 of 62 bytes failed: Only part of a ReadProcessMemory or WriteProcessMemory request was completed. (0x12B)
[1203/170940.627:ERROR:process_memory_win.cc(73)] ReadMemory at 0x20cd6a07620 of 62 bytes failed: Only part of a ReadProcessMemory or WriteProcessMemory request was completed. (0x12B)
[1203/170940.627:ERROR:process_memory_win.cc(73)] ReadMemory at 0x20cd6a07670 of 64 bytes failed: Only part of a ReadProcessMemory or WriteProcessMemory request was completed. (0x12B)
[1203/170940.627:ERROR:process_memory_win.cc(73)] ReadMemory at 0x20cd6a07760 of 62 bytes failed: Only part of a ReadProcessMemory or WriteProcessMemory request was completed. (0x12B)
[1203/170940.627:ERROR:process_memory_win.cc(73)] ReadMemory at 0x20cd6a077b0 of 60 bytes failed: Only part of a ReadProcessMemory or WriteProcessMemory request was completed. (0x12B)
[1203/170940.631:ERROR:process_memory_win.cc(73)] ReadMemory at 0x20cd6a07850 of 62 bytes failed: Only part of a ReadProcessMemory or WriteProcessMemory request was completed. (0x12B)
[1203/170940.631:ERROR:process_memory_win.cc(73)] ReadMemory at 0x20cd6a078f0 of 62 bytes failed: Only part of a ReadProcessMemory or WriteProcessMemory request was completed. (0x12B)
[1203/170940.631:ERROR:process_memory_win.cc(73)] ReadMemory at 0x20cd6a07a80 of 62 bytes failed: Only part of a ReadProcessMemory or WriteProcessMemory request was completed. (0x12B)
[1203/170940.631:ERROR:process_memory_win.cc(73)] ReadMemory at 0x20cd6a07b20 of 62 bytes failed: Only part of a ReadProcessMemory or WriteProcessMemory request was completed. (0x12B)
[1203/170940.631:ERROR:process_memory_win.cc(73)] ReadMemory at 0x20cd6a07b70 of 64 bytes failed: Only part of a ReadProcessMemory or WriteProcessMemory request was completed. (0x12B)
[1203/170940.631:ERROR:process_memory_win.cc(73)] ReadMemory at 0x20cd6a07c60 of 64 bytes failed: Only part of a ReadProcessMemory or WriteProcessMemory request was completed. (0x12B)
[1203/170940.631:ERROR:process_memory_win.cc(73)] ReadMemory at 0x20cd6a07d00 of 60 bytes failed: Only part of a ReadProcessMemory or WriteProcessMemory request was completed. (0x12B)
[1203/170940.631:ERROR:process_memory_win.cc(73)] ReadMemory at 0x20cd6a07d50 of 60 bytes failed: Only part of a ReadProcessMemory or WriteProcessMemory request was completed. (0x12B)
[1203/170940.631:ERROR:process_memory_win.cc(73)] ReadMemory at 0x20cd6a07f80 of 64 bytes failed: Only part of a ReadProcessMemory or WriteProcessMemory request was completed. (0x12B)
[1203/170940.631:ERROR:process_memory_win.cc(73)] ReadMemory at 0x20cd6a07fd0 of 66 bytes failed: Only part of a ReadProcessMemory or WriteProcessMemory request was completed. (0x12B)
[1203/170940.631:ERROR:process_memory_win.cc(73)] ReadMemory at 0x20cd6a080c0 of 64 bytes failed: Only part of a ReadProcessMemory or WriteProcessMemory request was completed. (0x12B)
[1203/170940.631:ERROR:process_memory_win.cc(73)] ReadMemory at 0x20cd6a08160 of 64 bytes failed: Only part of a ReadProcessMemory or WriteProcessMemory request was completed. (0x12B)
[1203/170940.631:ERROR:process_memory_win.cc(73)] ReadMemory at 0x20cd6a08200 of 58 bytes failed: Only part of a ReadProcessMemory or WriteProcessMemory request was completed. (0x12B)
[1203/170940.631:ERROR:process_memory_win.cc(73)] ReadMemory at 0x20cd6a08250 of 66 bytes failed: Only part of a ReadProcessMemory or WriteProcessMemory request was completed. (0x12B)
[1203/170940.631:ERROR:process_memory_win.cc(73)] ReadMemory at 0x20cd6a082a0 of 64 bytes failed: Only part of a ReadProcessMemory or WriteProcessMemory request was completed. (0x12B)
[1203/170940.631:ERROR:process_memory_win.cc(73)] ReadMemory at 0x20cd6a08340 of 60 bytes failed: Only part of a ReadProcessMemory or WriteProcessMemory request was completed. (0x12B)
[1203/170940.631:ERROR:process_memory_win.cc(73)] ReadMemory at 0x20cd6a08610 of 132 bytes failed: Only part of a ReadProcessMemory or WriteProcessMemory request was completed. (0x12B)
[1203/170940.631:ERROR:process_memory_win.cc(73)] ReadMemory at 0x20cd6a08740 of 132 bytes failed: Only part of a ReadProcessMemory or WriteProcessMemory request was completed. (0x12B)
[1203/170940.631:ERROR:process_memory_win.cc(73)] ReadMemory at 0x20cd6a09fa0 of 132 bytes failed: Only part of a ReadProcessMemory or WriteProcessMemory request was completed. (0x12B)
[1203/170940.631:ERROR:process_memory_win.cc(73)] ReadMemory at 0x20cd6a0a2c0 of 132 bytes failed: Only part of a ReadProcessMemory or WriteProcessMemory request was completed. (0x12B)
[1203/170940.647:ERROR:process_memory_win.cc(73)] ReadMemory at 0x20cd6a0c050 of 132 bytes failed: Only part of a ReadProcessMemory or WriteProcessMemory request was completed. (0x12B)
[1203/170940.647:ERROR:process_memory_win.cc(73)] ReadMemory at 0x20cd6a0e1e0 of 134 bytes failed: Only part of a ReadProcessMemory or WriteProcessMemory request was completed. (0x12B)
[1203/170940.647:ERROR:process_memory_win.cc(73)] ReadMemory at 0x20cd6a11c90 of 132 bytes failed: Only part of a ReadProcessMemory or WriteProcessMemory request was completed. (0x12B)
[1203/170940.647:ERROR:process_memory_win.cc(73)] ReadMemory at 0x20cd6a11ff0 of 132 bytes failed: Only part of a ReadProcessMemory or WriteProcessMemory request was completed. (0x12B)
[1203/170940.647:ERROR:process_memory_win.cc(73)] ReadMemory at 0x20cd6a13020 of 132 bytes failed: Only part of a ReadProcessMemory or WriteProcessMemory request was completed. (0x12B)
[1203/170940.647:ERROR:process_memory_win.cc(73)] ReadMemory at 0x20cd6a13610 of 132 bytes failed: Only part of a ReadProcessMemory or WriteProcessMemory request was completed. (0x12B)
[1203/170940.647:ERROR:process_memory_win.cc(73)] ReadMemory at 0x20cd6a13870 of 132 bytes failed: Only part of a ReadProcessMemory or WriteProcessMemory request was completed. (0x12B)
[1203/170940.647:ERROR:process_memory_win.cc(73)] ReadMemory at 0x20cd6a13c00 of 132 bytes failed: Only part of a ReadProcessMemory or WriteProcessMemory request was completed. (0x12B)
[1203/170940.647:ERROR:process_memory_win.cc(73)] ReadMemory at 0x20cd6a13d30 of 132 bytes failed: Only part of a ReadProcessMemory or WriteProcessMemory request was completed. (0x12B)
[1203/170940.647:ERROR:process_memory_win.cc(73)] ReadMemory at 0x20cd6a140c0 of 132 bytes failed: Only part of a ReadProcessMemory or WriteProcessMemory request was completed. (0x12B)
[1203/170940.647:ERROR:process_memory_win.cc(73)] ReadMemory at 0x20cd6a141f0 of 132 bytes failed: Only part of a ReadProcessMemory or WriteProcessMemory request was completed. (0x12B)
[1203/170940.647:ERROR:process_memory_win.cc(73)] ReadMemory at 0x20cd6a14450 of 132 bytes failed: Only part of a ReadProcessMemory or WriteProcessMemory request was completed. (0x12B)
[1203/170940.647:ERROR:process_memory_win.cc(73)] ReadMemory at 0x20cd6a147e0 of 132 bytes failed: Only part of a ReadProcessMemory or WriteProcessMemory request was completed. (0x12B)
[1203/170940.647:ERROR:process_memory_win.cc(73)] ReadMemory at 0x20cd6a14ca0 of 132 bytes failed: Only part of a ReadProcessMemory or WriteProcessMemory request was completed. (0x12B)
[1203/170940.647:ERROR:process_memory_win.cc(73)] ReadMemory at 0x20cd6a15370 of 512 bytes failed: Only part of a ReadProcessMemory or WriteProcessMemory request was completed. (0x12B)
[1203/170940.647:ERROR:process_memory_win.cc(73)] ReadMemory at 0x20cd6a15d10 of 76 bytes failed: Only part of a ReadProcessMemory or WriteProcessMemory request was completed. (0x12B)
[1203/170940.647:ERROR:process_memory_win.cc(73)] ReadMemory at 0x20cd6a163d0 of 80 bytes failed: Only part of a ReadProcessMemory or WriteProcessMemory request was completed. (0x12B)
[1203/170940.647:ERROR:process_memory_win.cc(73)] ReadMemory at 0x20cd6a5aa90 of 640 bytes failed: Only part of a ReadProcessMemory or WriteProcessMemory request was completed. (0x12B)
[1203/170940.647:ERROR:process_memory_win.cc(73)] ReadMemory at 0x20cd6a6d8b0 of 512 bytes failed: Only part of a ReadProcessMemory or WriteProcessMemory request was completed. (0x12B)
[1203/170940.647:ERROR:process_memory_win.cc(73)] ReadMemory at 0x20cd6a6e630 of 512 bytes failed: Only part of a ReadProcessMemory or WriteProcessMemory request was completed. (0x12B)
[1203/170940.647:ERROR:process_memory_win.cc(73)] ReadMemory at 0x20cd6a714e0 of 712 bytes failed: Only part of a ReadProcessMemory or WriteProcessMemory request was completed. (0x12B)
[1203/170940.647:ERROR:process_memory_win.cc(73)] ReadMemory at 0x20cd6a76d50 of 512 bytes failed: Only part of a ReadProcessMemory or WriteProcessMemory request was completed. (0x12B)
[1203/170940.647:ERROR:process_memory_win.cc(73)] ReadMemory at 0x20cd6a879c0 of 512 bytes failed: Only part of a ReadProcessMemory or WriteProcessMemory request was completed. (0x12B)
[1203/170940.647:ERROR:process_memory_win.cc(73)] ReadMemory at 0x20cd6a9d9b0 of 512 bytes failed: Only part of a ReadProcessMemory or WriteProcessMemory request was completed. (0x12B)
[1203/170940.647:ERROR:process_memory_win.cc(73)] ReadMemory at 0x20cd6aa0ce8 of 512 bytes failed: Only part of a ReadProcessMemory or WriteProcessMemory request was completed. (0x12B)
[1203/170940.647:ERROR:process_memory_win.cc(73)] ReadMemory at 0x20cd6aa27e8 of 656 bytes failed: Only part of a ReadProcessMemory or WriteProcessMemory request was completed. (0x12B)
[1203/170940.647:ERROR:process_memory_win.cc(73)] ReadMemory at 0x20cd6aa3b30 of 512 bytes failed: Only part of a ReadProcessMemory or WriteProcessMemory request was completed. (0x12B)
[1203/170940.647:ERROR:process_memory_win.cc(73)] ReadMemory at 0x20cd6ab5f50 of 512 bytes failed: Only part of a ReadProcessMemory or WriteProcessMemory request was completed. (0x12B)
[1203/170940.647:ERROR:process_memory_win.cc(73)] ReadMemory at 0x20cd6ab7cc0 of 512 bytes failed: Only part of a ReadProcessMemory or WriteProcessMemory request was completed. (0x12B)
[1203/170940.647:ERROR:process_memory_win.cc(73)] ReadMemory at 0x20cd6ab7f50 of 512 bytes failed: Only part of a ReadProcessMemory or WriteProcessMemory request was completed. (0x12B)
[1203/170940.647:ERROR:process_memory_win.cc(73)] ReadMemory at 0x20cd6ad63b2 of 788 bytes failed: Only part of a ReadProcessMemory or WriteProcessMemory request was completed. (0x12B)
[1203/170940.647:ERROR:process_memory_win.cc(73)] ReadMemory at 0x20cd8593f48 of 512 bytes failed: Only part of a ReadProcessMemory or WriteProcessMemory request was completed. (0x12B)
[1203/170940.647:ERROR:process_memory_win.cc(73)] ReadMemory at 0x20cd85cfa50 of 512 bytes failed: Only part of a ReadProcessMemory or WriteProcessMemory request was completed. (0x12B)
[1203/170940.647:ERROR:process_memory_win.cc(73)] ReadMemory at 0x20cd85d07d0 of 512 bytes failed: Only part of a ReadProcessMemory or WriteProcessMemory request was completed. (0x12B)
[1203/170940.647:ERROR:process_memory_win.cc(73)] ReadMemory at 0x20cd85d0a20 of 512 bytes failed: Only part of a ReadProcessMemory or WriteProcessMemory request was completed. (0x12B)
[1203/170940.647:ERROR:process_memory_win.cc(73)] ReadMemory at 0x7ffb9a372680 of 543 bytes failed: Only part of a ReadProcessMemory or WriteProcessMemory request was completed. (0x12B)
[1203/170940.647:ERROR:process_memory_win.cc(73)] ReadMemory at 0x7ffb9f80ba80 of 512 bytes failed: Only part of a ReadProcessMemory or WriteProcessMemory request was completed. (0x12B)
[1203/170940.647:ERROR:process_memory_win.cc(73)] ReadMemory at 0x7ffbe315d700 of 512 bytes failed: Only part of a ReadProcessMemory or WriteProcessMemory request was completed. (0x12B)
[1203/170940.647:ERROR:process_memory_win.cc(73)] ReadMemory at 0x7ffbe55f1fd0 of 512 bytes failed: Only part of a ReadProcessMemory or WriteProcessMemory request was completed. (0x12B)
[1203/170940.647:ERROR:process_memory_win.cc(73)] ReadMemory at 0x7ffbe58bc6f4 of 672 bytes failed: Only part of a ReadProcessMemory or WriteProcessMemory request was completed. (0x12B)
[1203/170940.647:ERROR:process_memory_win.cc(73)] ReadMemory at 0x7ffbe58bccf4 of 512 bytes failed: Only part of a ReadProcessMemory or WriteProcessMemory request was completed. (0x12B)
[1203/170940.647:ERROR:process_memory_win.cc(73)] ReadMemory at 0x7ffbe58bffa4 of 608 bytes failed: Only part of a ReadProcessMemory or WriteProcessMemory request was completed. (0x12B)
[1203/170940.651:ERROR:process_memory_win.cc(73)] ReadMemory at 0x7ffbe594c428 of 18 bytes failed: Only part of a ReadProcessMemory or WriteProcessMemory request was completed. (0x12B)
[1203/170940.651:ERROR:process_memory_win.cc(73)] ReadMemory at 0x7ffbe597f4f8 of 40 bytes failed: Only part of a ReadProcessMemory or WriteProcessMemory request was completed. (0x12B)
[1203/170940.651:ERROR:process_memory_win.cc(73)] ReadMemory at 0x7ffbe597f978 of 48 bytes failed: Only part of a ReadProcessMemory or WriteProcessMemory request was completed. (0x12B)
[1203/170940.651:ERROR:process_memory_win.cc(73)] ReadMemory at 0x7ffbe59853c0 of 64 bytes failed: Only part of a ReadProcessMemory or WriteProcessMemory request was completed. (0x12B)
[1203/170940.713:ERROR:filesystem_win.cc(129)] GetFileAttributes C:\Users\Admin\AppData\Local\Temp\puppeteer_dev_chrome_profile-ikZiqc\Crashpad\attachments\867c7422-f2f5-4b0b-87fc-c363035a2d71: The system cannot find the path specified. (0x3)
[1203/170940.651:ERROR:scoped_process_suspend.cc(40)] NtResumeProcess: An attempt was made to access an exiting process. (0xc000010a)
[1203/170942.181:ERROR:http_transport_win.cc(276)] WinHttpSendRequest: The operation completed successfully. (0x0)
[1203/173044.896:ERROR:filesystem_win.cc(129)] GetFileAttributes C:\Users\Admin\AppData\Local\Temp\puppeteer_dev_chrome_profile-e9nAHE\Crashpad\attachments\3390f6cb-e444-461b-9c19-352d42f7bade: The system cannot find the path specified. (0x3)
